/__w/mn-samples-ogc/mn-samples-ogc/site/documents/05-020r27/document.err errors


== Style

(): Keywords are missing!
(): Preface is missing!
(): Submitting Organizations is missing!
(): Submitters is missing!


== Metanorma XML Style Warning

(XML Line 000098): Hanging paragraph in clause
	<clause id="purpose-and-composition-of-the-technical-committee" obligation="normative"><title>Purpose and Composition of the Technical Committee</title><p id="_8d2fab1a-cc60-4f8d-8f2b-eb5c6f7f1b1e">The OGC Corporate bylaws state that the OGC Technical Committee (TC) shall be responsible for developing standards<fn reference="3"><p id="_faa640a5-8186-4a78-9bd9-f9819b738b31">OGC standards are member approved interface and encoding engineering specifications developed via the OGC Consensus process that are publicly and openly available for use in the geospatial and IT community.</p></fn> through a cooperative consensus process involving the Members. The bylaws provide authority to:</p>
	<ul id="_695f432c-8095-4eb2-bcee-678f16dc808b">
	<li>
	<p id="_5f49b646-434c-4de4-8a32-b34df45d846a">Design and maintain an <link target="http://www.opengeospatial.org/docs/as/">Abstract Specification</link> for a computing technology independent application environment for interoperable geo-processing and geospatial data products;</p>
	</li>
(XML Line 000167): Hanging paragraph in clause
	<clause id="structure-of-the-technical-committee" obligation="normative"><title>Structure of the Technical Committee</title><p id="_41c54bf5-818e-4549-ae63-5f7c72cdb713">The TC is the primary group where OGC standards are developed, discussed, approved, and maintained. The TC members are responsible for the development and maintenance of all standards and related technical documents. The TC membership includes Voting TC Members, non-voting TC Members, and Invited Guests.</p>
	<p id="_cd626a23-f06a-4854-8ec0-4371e9b93e09">The Technical Committee is comprised of three primary subgroups: the OGC Naming Authority, Working Groups (WG), and Subcommittees (SC) to:</p>
	<ul id="_da868c22-5c04-4565-bea2-22daedb74331">
	<li>
	<p id="_10a28e22-1b34-4325-9609-e9c262a72ede">Evaluate and provide guidance on architecture issues;</p>
(XML Line 000191): Hanging paragraph in clause
	<clause id="_working_groups_wgs" obligation="normative"><title>Working Groups (WGs)</title><p id="_03af95a1-0bca-4407-be5e-11488903e02e">A group (organizationally, a subgroup of the TC) of individuals composed of members of the TC and invited guests, with the specific intent of solving some particular interoperability problem or problems in a particular technology domain for recommendation to the TC. A Group is not a subcommittee as outlined by the Bylaws of the OGC.</p>
	<p id="_d84d0cf9-13e0-4729-8397-029288a157f2">There are two types of Working Groups in the TC: <link target="http://www.opengeospatial.org/projects/groups/wg/">Domain Working Groups</link> (DWGs) and <link target="http://www.opengeospatial.org/projects/groups/swg/">Standards Working Groups</link> (SWGs). The reason that there are two different type of Working Groups is due to the OGC Intellectual Property Policy. The OGC IP Policy can be downloaded from <link target="http://www.opengeospatial.org/ogc/policies"/>.</p>
	<clause id="_domain_working_group" obligation="normative"><title>Domain Working Group</title><p id="_61c3ff9f-6c6a-445d-8a0d-1a935d90dc49">A group (organizationally, a subgroup of the TC — <xref target="policies-specific-to-a-domain-working-Group"/>) of individuals composed of members of the TC and invited guests, with the specific intent of discussing and/or solving some particular problem or problems in a particular domain or technology arena for recommendation to the TC. Key functions of the Domain Working Group (DWG) are to:</p>
	<ul id="_8179ed5f-37a8-4b07-8d14-cd40da3916fe">
	<li>
(XML Line 000249): Hanging paragraph in clause
	<clause id="meetings-of-the-technical-committee" obligation="normative"><title>Meetings of the Technical Committee</title><p id="_426de624-7c0b-44ba-b2df-b111c0b940bf">This section describes the Policies and Procedures for meetings of the OGC Technical Committee.</p>
	<clause id="meetings-of-the-tc" obligation="normative"><title>Meetings of the TC</title><p id="_125329d7-0f57-4a3b-ab26-6d199b816ed9">Technical Committee meetings shall be conducted under the general guidance of Robert’s Rules of Order<fn reference="6"><p id="_c82731ce-5ebb-404b-af3c-fabd5b7b9aeb"><link target="http://www.robertsrules.com/"/> Robert’s Rules of Order, Eleventh Edition, 2011.</p></fn> (RONR). Meetings shall be facilitated by the TCC or other appointed representative(s) of the OGC. The planning goal is to have four meetings per year. The number of meetings per year can be changed by a vote of the TC and the PC or by direction of the Board of Directors.</p>
	<p id="_937e7a3c-9d51-4973-884a-c9ca5430596c">TC meeting dates and locations will be announced as far in advance as possible but no less than four months in advance of the meeting. Announcements will be through formal OGC Communication. All recommendations, summary notes, presentations, and so forth shall be posted to the OGC Member Portal.</p></clause>
	<clause id="_attendance_at_tc_meetings" obligation="normative">
	<title>Attendance at TC Meetings</title>
(XML Line 000308): Hanging paragraph in clause
	<clause id="voting-during-and-between-tc-meetings" obligation="normative"><title>Voting During and Between TC Meetings</title><p id="_cf67e463-1b56-4a61-a266-726777e3ee09">The following policies address voting during and between TC meetings. One of the primary functions of the TC is to vote on a variety of actions, items, and issues. Votes can be for any purpose pertaining to the format and content of the Abstract Specification, Candidate standards, OGC standards, Discussion Papers, approval of the slate of nominations for the OGC Architecture Board, Best Practices Documents, Policies and Procedures of the TC, and for other purposes consistent with the purpose of the TC as described in these Policies and Procedures. The TC will make recommendations to the PC concerning adoption of a candidate standard, changes to a standard, creation of a Working Group, a Best Practice, or a policy document and these recommendations require further approval by the PC.</p>
	<clause id="_quorum_for_a_tc_meeting" obligation="normative"><title>Quorum for a TC Meeting</title><p id="_31d7a57f-ad98-4e55-887d-b2311b0dccaa">The quorum for any meeting of the Technical Committee Members shall be 1/3 of the total Voting membership as comprised by the Strategic, Principal, Technical, and Technical Aggregate Members. If there is quorum, then a simple majority of the Voting TC Members present at a meeting shall constitute a positive vote for all TC Items and Issues. A roll call will be held at the beginning of each Plenary where votes are to occur to ensure a quorum is present.</p>
	<p id="_92c4af62-9b73-4095-b263-cd5b58cb54ff">The only exception for this Quorum rule is for a vote to issue an electronic vote for adoption of a new or revised version of a candidate standard, creation of a Working Group, a Best Practice, or a policy document. In this case, a simple majority vote of those TC Voting members present constitutes a successful vote.</p></clause>
	<clause id="three-week-rule" obligation="normative"><title>Three Week Rule</title><p id="_5cfd8400-b9ee-4b69-a4da-4ae3f36f58f3">For votes that require documentation, such as adoption of particular documents as standards or documents to be released for public comment, one third of the Voting TC members in attendance may invoke the requirement that documentation supporting the vote must be available three weeks prior to the vote. The TC may override the 3-week rule by a 2/3-majority vote of Voting TC members in attendance at a meeting.</p>
	<p id="_0351eb12-0c4b-4db6-add8-ad1b6dff2362">The three-week rule clause ensures that Voting TC members have adequate time to read, distribute and gather comments on documents before voting on the document at the following TC meeting.</p></clause>
(XML Line 000313): Hanging paragraph in clause
	<clause id="voting-at-tc-meetings" obligation="normative"><title>Voting at TC Meetings</title><p id="_a48b1be5-5b5e-4f48-b311-b985faa1e506">Many votes happen during a face-to-face TC Meeting. Votes can occur in a TC Plenary or in any sub-group meeting. Votes may be related to document actions, recommendations for staff action, formation of new sub-groups, approval of WG charters, and so forth. This section provides guidance on the policies and procedures related to votes at TC meetings.</p>
	<clause id="_votes_that_can_occur_at_a_tc_dwg_face_to_face_meeting" obligation="normative"><title>Votes that can occur at a TC DWG Face to Face Meeting</title><p id="_ad8c4a62-0d7c-4123-ab44-4e05400dbd36">Any number of votes can occur at a TC DWG meeting. No prior notice is required to have a vote at a DWG meeting during a TC. Any member representative attending a DWG may vote. However, only one member representative from a member organization may vote in a DWG. Any member representative attending a DWG can frame a motion.</p>
	<p id="_ba1126bf-6f65-44a0-8c3c-707863150e1d">The votes that may occur at a DWG are:</p>
	<ul id="_0b139adb-6b54-405f-8e3c-5c6fa402a8a0">
	<li>
(XML Line 000407): Hanging paragraph in clause
	<clause id="tc-electronic-voting" obligation="normative"><title>TC Electronic Voting</title><p id="_52e2622b-6a53-4034-a25f-0e40cfc834f6">At any time, the TCC, the TC, or a subgroup of the TC may recommend starting an electronic vote. Initiation of electronic votes may be brought by motion and second at a TC plenary meeting, a WG meeting, or by direct action of the TCC. Please refer to <xref target="vote-types-and-allowed-voters"/> for what membership level is allowed to vote for any particular vote. The following rules are for official OGC votes related to:</p>
	<ul id="_5bfb92d1-d1c5-40c6-9e75-68c1b351601c">
	<li>
	<p id="_96f5e9fb-3322-48d3-8b7f-532f45dce8cd">Adoption of an OGC Abstract and Implementation standards;</p>
	</li>
(XML Line 000559): Hanging paragraph in clause
	<clause id="policies-and-procedures-for-subgroups-of-the-TC" obligation="normative"><title>Policies and Procedures for Subgroups of the TC</title><p id="_9dda8183-531d-4804-b03f-6f028e5f5de6">This section describes the Policies and Procedures for Sub-groups of the TC. This includes Domain Working Groups (DWGs) and Standards Working Groups (SWGs).</p>
	<clause id="_membership_in_tc_subgroups" obligation="normative"><title>Membership in TC Subgroups</title><p id="_f0855fb9-121b-4a8e-8291-5b6ba2c076bb">A subgroup is composed solely of representatives of current OGC members and (potentially) Invited Guests. Each type of group is chartered by simple majority vote of the TC in the course of normal business and ratified by the PC.</p>
	<p id="_3e9810a5-a785-4411-854e-83e79e352d04">The following rules apply to membership in subgroups of the TC.</p>
	<ul id="_d9e43397-0537-4571-ad3f-ed9ceefedb37">
	<li>
(XML Line 000621): Hanging paragraph in clause
	<clause id="_formation_of_a_sub_groupworking_group" obligation="normative"><title>Formation of a Sub-Group/Working Group</title><p id="_e613ce93-4bbd-4c44-915d-21b639a3af3a">At any time, a group of Members may determine that a new area of technology or domain exploration is required. This interest may lead to the formation of a new OGC Working Group. The following are the usual steps related to the formation of a new WG. Typically, the first step is to call an ad-hoc meeting at a face-to-face TC meeting. An ad-hoc meeting is to 1.) judge interest in forming the new sub-group and 2.) define the scope of work for the proposed new sub-group.</p>
	<clause id="_ad_hoc_meetings" obligation="normative">
	<title>Ad-hoc Meeting(s)</title>
	<p id="_3132ddd8-44f9-4043-a905-521460f456cf">Any group of OGC members can schedule an ad-hoc meeting. The interested members develop a basic agenda and draft mission statement for the work of the group and call for an ad-hoc meeting at a scheduled TC event or by teleconference/webinar. Like any sub-group, they shall schedule a meeting time and post the meeting time information on the OGC Portal Calendar. Also, like any other sub-group meeting of the TC, they shall announce the meeting to the broader TC and communicate an agenda. At this Ad-hoc meeting, the participants continue to frame the mission and the scope for a proposed new WG or other OGC activity. They must also determine whether there is adequate Member interest to actually form a new WG.</p>
	</clause>
(XML Line 000630): Hanging paragraph in clause
	<clause id="approval-of-a-Sub-group-charter" obligation="normative"><title>Approval of a Sub-Group Charter</title><p id="_f5053dda-4ecb-424e-a99a-b07af63f1ab9">Once the Charter is completed and agreed to by the members of the Ad-hoc<fn reference="11"><p id="_0e1736b5-b37f-4f01-89cb-a0b4c86b3dd7">For a Standards Working Group (SWG) charter, the ad-hoc is the submission team.</p></fn>, the following process if followed for approval of the Charter.<note id="_16dee399-8e52-479d-b7df-ca8871ccc4b2">
	<p id="_383a0b56-bf99-4e83-aa7a-199374195b3e">For a SWG Charter, please review <xref target="policies-specific-to-a-standards-working-group-swg"/> for specific requirements related to the formation of a Standards Working Group (SWG).</p>
	</note></p>
	
	<ul id="_26b69f8d-7754-4d1d-9fd3-d5909a0abaa3">
(XML Line 000680): Hanging paragraph in clause
	<clause id="policies-specific-to-a-domain-working-Group" obligation="normative"><title>Policies Specific to a Domain Working Group</title><p id="_bff81a99-f9c5-46e5-ab83-76f4f11bc306">This section describes the formation, role, and responsibilities of a Domain Working Group (DWG).</p>
	<clause id="_voting_in_a_dwg" obligation="normative">
	<title>Voting in a DWG</title>
	<p id="_26d85443-5d59-4dde-9905-2966c9a8ed72">Voting in DWGs is by simple majority of OGC Members present at the DWG meeting, not just Voting TC Members, with the caveat that no OGC Member organization may cast more than one vote in a WG vote.<fn reference="12"><p id="_a04a249b-15f5-4934-ae62-bc1efce0a755">It was felt that WGs should be able to use all of the expertise at hand in arriving at recommendations. All TC member organizations could be represented (and vote) at WG meetings in order to allow the expression of all members’ opinions. OGC Voting TC Members are protected from control by non-voting members by virtue of the fact that WGs may only form recommendations to the TC and not final TC votes. WG minutes are also available to all members of the TC, so that other TC members may understand and accept or reject WG recommendations.</p></fn></p>
	</clause></clause>
(XML Line 000685): Hanging paragraph in clause
	<clause id="policies-specific-to-a-standards-working-group-swg" obligation="normative"><title>Policies Specific to a Standards Working Group (SWG)</title><p id="_fabe0c13-8572-4205-ad7c-6fb30589e698">A SWG may be formed whenever:</p>
	<ul id="_c7034d24-02fc-4c84-8447-c58a757755b9">
	<li>
	<p id="_186c13e3-4656-4f83-81b1-bc3eae767251">Three or more members provide a submission for a candidate standard;</p>
	</li>
(XML Line 000703): Hanging paragraph in clause
	<clause id="_the_swg_charter" obligation="normative"><title>The SWG Charter</title><p id="_5b4628d2-b0fd-48e3-9fc9-a56a777ec881">The Charter documents the scope of work, references, business value, and projected timeline for the new SWG. There is a formal OGC template for a SWG charter. This template may be downloaded from:</p>
	<p id="_24e4ee2e-bd43-4782-aa47-b16b0362c7c6">
	<link target="https://portal.opengeospatial.org/?m=public&amp;subtab=templates&amp;tab=1"/>
	</p>
	<p id="_0c1393e5-750c-4d31-a7a4-585b71bedb50">SWG are chartered to create a primary delivery (a new standard), maintain that standard, and optionally update, extend, or profile that standard through a <xref target="swg-task-approval-process"/>. At a minimum, the scope of the primary delivery is provided in the SWG charter.</p>
(XML Line 000787): Hanging paragraph in clause
	<clause id="_swg_work_environment" obligation="normative"><title>SWG Work Environment</title><p id="_76330c05-fc44-4acd-ab9a-6860484ddae5">SWGs are expected to maintain their Portal records in a complete fashion, including presentations made at SWG meetings. Presentations in TC Meetings which the SWG permits to be viewed by general OGC membership should be stored in the TC Meeting folder for that SWG or in the SWG Portal project files with a symbolic link to the TC Meeting folder. All draft documents for SWG discussion should be in the SWG files until that point those documents are to be discussed in the TC. SWG documents for TC discussion or voting are to be uploaded to Pending Documents.</p>
	<clause id="_swg_use_of_collaboration_environments" obligation="normative"><title>SWG use of collaboration environments</title><p id="_0b1bbc10-5782-4595-9da6-7aafe15919ae">SWGs are free to use collaboration environments such as GitHub to store text of their draft standard, link that text to developing code, track issues, and manage the document development workflow and milestones. A SWG may also vote to allow non-OGC members to participate in the development of the standard in the collaboration environment. Note that such a vote does not grant access to non-members to the OGC Portal nor does it give those non-members voting rights for SWG approval of any work.</p>
	<p id="_025218fc-e6a2-46ce-ad81-207621209c29">The collaboration environment will be under ultimate control of the OGC. For example, OGC maintains organizational structures in GitHub and SVN under which SWGs can create a project for their use. Non-OGC private repositories or projects may not be used for development of SWG deliverables.</p>
	<p id="_9660f94e-cb1a-427e-a991-4494f8b4c269">The collaboration environment must clearly display a message on its home page (e.g., the README file in GitHub) that states the contributions to the work in the collaboration environment belong to OGC, as shown below.</p>
	<quote id="_b72a041d-9041-4b1a-8710-58911770ea0d">
(XML Line 000794): Hanging paragraph in clause
	<clause id="_public_release_of_swg_documents" obligation="normative"><title>Public Release of SWG documents</title><p id="_d9989afc-d621-4547-8569-5adf707e0862">At any time, the SWG voting members may agree to release any SWG in-progress technical document into a public forum, to another standards organization, or to the public for comment. Such an action requires a formal SWG motion and SWG vote as per <xref target="swg-voting"/>.</p>
	<clause id="_release_of_documents_for_public_comment" obligation="normative">
	<title>Release of document(s) for public comment</title>
	<p id="_b9b36538-c506-40d3-aea7-0bbf4f9c4211">At any time, the SWG can vote to release an in-progress candidate standard for public comment. Please remember that there is the official formal 30-day public comment period. However, a SWG is encouraged to release an in-progress document early in the process in order to solicit input from the community. If a SWG votes to release a document for early public comment, it must coordinate with OGC Communications to generate a press release and properly create the Request For Comments (RFC) on the OGC website.</p>
	</clause></clause>
(XML Line 000816): Hanging paragraph in clause
	<clause id="document-types-and-document-processes-of-the-tc" obligation="normative"><title>Document Types and Document Processes of the TC</title><p id="_7d9c318a-a7e5-41a2-8c81-8a94d8d4fd1e">This section describes the various OGC documents and document handling processes that are the responsibility of the TC.</p>
	<clause id="_an_ogc_policy_document" obligation="normative"><title>An OGC Policy Document</title><p id="_666509e3-8718-437f-8704-2d5dcc360c7c">A policy is a principle, rule or process that guide decisions to achieve rational outcome(s). The work of the OGC is guided by a number of Member approved policies and processes. These policies and processes are documented in various OGC Policies and Procedures documents. These shall be known as “Policy” documents. This TC P&amp;P is a policy document. Policy documents are either maintained by the Members or by OGC staff. In all cases, new policy documents or revisions to existing policy documents shall be reviewed and approved by both the Technical and Planning Committees. Approval of a policy document shall follow the e-voting rules as defined in <xref target="tc-electronic-voting"/>. If the TC approves the Policy document, then a simple majority of the PC Voting Members must approve the TC recommendation.</p>
	<p id="_a22e7c61-e5f9-476b-a7b0-a2f1987923b3">Policy documents have version numbers that shall start at 1.0</p></clause>
	<clause id="_the_standards_document" obligation="normative"><title>The Standards Document</title><p id="_a0c9d642-29a5-4931-96be-c55d214c0e45">An OGC standards document is the principal document type that captures the work and the consensus of the OGC membership. Standards documents must use the OGC standards document template (with the exception of Community standards<fn reference="14"><p id="_36aa5186-1ec0-4762-8c80-8f5e8e8b7b49">While there is not a formal requirement for a Community standard to use the OGC document template for a standard the OGC encourages the Candidate standard submission team to consider using the OGC document template.</p></fn>) that can be downloaded in Word format from: <link target="https://portal.opengeospatial.org/?m=public&amp;subtab=templates&amp;tab=1"/> or which is available in the OGC GitHub repository as a series of AsciiDoc files.</p>
	<p id="_924fce13-81d3-4e9a-a9b0-c801ac86f9c8">OGC uses a multi-track standards policy with three possible states: OGC Community standard, OGC standard, and OGC standard with Compliance Suite. These are described in The <xref target="two-track-standards-process-characteristics"/>.</p>
(XML Line 000838): Hanging paragraph in clause
	<clause id="_best_practice_and_community_practice_documents" obligation="normative"><title>Best Practice and Community Practice Documents</title><p id="_d122888c-d78d-405c-b65f-5358a32b08a0">OGC Members, TC subgroups, or Interoperability Initiatives may generate Best Practice (BP) and Community Practice (CP) Documents for the industry covering best practices related to the use of an OGC standard or other technology relevant to one or more OGC standards. These documents describe a technique or methodology that, through experience, implementation and research, has proven to reliably lead to a desired result. In some cases, BPs or CPs may transition to full standards through the OGC Consensus Standards process.</p>
	<p id="_7a878321-ac82-448a-b231-f9005ffadeea">BP and CP documents have version numbers that shall start at 1.0.</p>
	<p id="_9d60c36c-7a3c-4665-99f2-514f6b6ed4f4"><strong>Best Practice:</strong> a document describing the use of one or more OGC standards, typically to address a domain-specific topic or provide a solution to an interoperability challenge. Best Practices may also describe implemented extensions to or profiles of OGC standards.</p>
	<p id="_0df2b98f-1be1-4e47-9682-49669e704ae2"><strong>Community Practice:</strong> a document describing implemented standards, specifications, or technologies that originate outside of OGC, but which are relevant to address interoperability requirements in the geospatial and related communities.</p>
	<clause id="_submission_of_documents_to_be_considered_as_an_ogc_best_practice_or_community_practice" obligation="normative"><title>Submission of documents to be considered as an OGC Best Practice or Community Practice</title><p id="_ce835234-3d15-430c-8867-065d01ebe7c8">In order to be considered for approval as an OGC BP or CP, the document submitters shall provide the following.</p>
(XML Line 000861): Hanging paragraph in clause
	<clause id="_documents_and_distribution" obligation="normative"><title>Documents and Distribution</title><p id="_a6cbbe3e-cdef-468c-911f-75157a1e4381">The numbered document (see <xref target="document-numbers"/>) as distributed to members is to be considered the official document of the TC. Electronic mail shall be used for day-to-day discussion of OGC documents. The preferred mechanism for document sharing is the OGC Members-only Portal. OGC Communication shall be used for announcing the availability of new official documents. The actual documents will not be distributed by email unless a member requests receiving a document by email. All official documents will be posted to the Portal. Other electronic forms of documents can be made available at the written request of members.</p>
	<p id="_e52dd2bf-8ff8-4462-a55f-c5cbe0ee4c2b">The Members section of the OGC Portal (<link target="http://portal.opengeospatial.org"/>) shall provide the default method of disseminating documents in electronic form. The TCC or his designee shall determine the electronic distribution format<fn reference="15"><p id="_8e51f94a-5463-42ae-9d7e-4345cd3284a7">Typically, official documents are provided to the public in Word “.doc” format or Adobe PDF format. However, various presentations, draft documents, and so forth can also be distributed in PowerPoint format, HTML, and other formats as provided by the Members. The TCC reserves the right to reject a document that is in a non-industry standard distribution format.</p></fn> of these documents. OGC Consensus Standards proposals, Discussion Papers, Best Practices Documents, and Engineering Reports must be provided in one of the formats defined in <xref target="other-document-concerns"/>. However, the preferred document format is the Word .doc format. The format for dissemination may change as distribution technology changes. Up until mid 2014, all approved Abstract Specification Topics and standards were only available in PDF format. Please note that the OGC has moved to publication of OGC standards documents in HTML<fn reference="16"><p id="_9a7dd84c-c05e-4bb5-9d0a-86c51e9151e8">Initial publications in 2014.</p></fn>.</p>
	<clause id="document-numbers" obligation="normative"><title>Document Numbers</title><p id="_e0ad02d1-ed31-4c29-b8bd-dd1828d70ede">All member submitted documents shall be assigned a document number. Members can obtain pending document numbers using the members only Portal, OGC Pending Documents page located at <link target="https://portal.opengeospatial.org/?m=public&amp;orderby=default&amp;tab=1"/>.</p>
	<p id="_5fe31174-af0e-4696-a6db-90eb729d7ef4">Instructions for obtaining a Pending Document number and posting the document can be found at <link target="https://portal.opengeospatial.org/?m=public&amp;subtab=instructions&amp;tab=1"/>.</p></clause>
	<clause id="_document_version_numbers" obligation="normative"><title>Document version numbers</title><p id="_ad7b6d4d-930c-46e9-9dda-dd22b840c35a">The guidelines for version/revision numbers for documents are as follows.</p>
(XML Line 000917): Hanging paragraph in clause
	<clause id="_policy_for_the_retiring_deprecating_or_rescinding_ogc_documents" obligation="normative"><title>Policy for the Retiring, Deprecating, or Rescinding OGC Documents</title><p id="_cf4d8187-445c-4ea0-84ef-3fca4386bb5e">This section provides the policy and procedure for retiring, deprecating, or rescinding OGC documents. Note that retiring, deprecating, or rescinding an OGC standard results in the same fate for all extensions to that standard; such a fate is version-dependent: only the extensions specific to the exact version of the standard being retired, deprecated, or rescinded will share that fate. Deprecation of a standard does not automatically result in the deprecation of a profile of that standard.</p>
	<clause id="retiring-ogc-documents" obligation="normative"><title>Retiring OGC Documents</title><p id="_aa45fd84-7c3a-4e18-acdb-78a1a35aad36">“Retirement” criteria can be based on one or more of the following:</p>
	<ul id="_f6b352eb-413c-4824-b348-e1ae3633ca72">
	<li>
	<p id="_9ef1b7b5-e284-4890-9d39-4656adcadf48">A document is no longer technically up to date;</p>
(XML Line 000964): Hanging paragraph in clause
	<clause id="policies-and-procedures-for-adoption-and-or-revisions-of-standards" obligation="normative"><title>Policies and Procedures for Adoption and/or Revisions of Standards</title><p id="_d90fcb1b-cdd9-484d-a693-4baf03718dfb">This section covers procedures for adoption, revision, and maintenance of OGC standards. For the purposed of clarity, the term “standards” covers both the candidate abstract and implementation cases.</p>
	<clause id="_standards_proposed_for_adoption_caveats" obligation="normative"><title>Standards Proposed for Adoption — Caveats</title><p id="_879669dd-6ede-4973-8ad8-a4e61ae435fc">Only Voting TC Members of the OGC may propose candidate standards for adoption by OGC.</p>
	<p id="_a54b8de9-2801-469e-8b5b-0f6c82383baf">All adoption votes to approve a document as an OGC standard shall be electronic. Only Voting TC Members may vote on an adoption vote. However, any OGC member, regardless of membership level, can 1.) be part of a team submitting a candidate document and 2.) join a SWG and work on a candidate standard.</p>
	<p id="_3fd10546-fef8-4447-a4de-375561f6bce4">The TC e-vote is to recommend to the PC approval of the results of an adoption vote. This will ensure that all TC voting members have the opportunity to vote on the most important work done by the Consortium. Lack of a vote does not count as a vote of Abstain; only an actual vote of Abstain counts as such a vote.<fn reference="20"><p id="_86e5842e-3cab-4630-94ee-d3e2163f0d41">It is felt that this most important TC vote should encompass the entire Voting TC membership, rather than a portion of a meeting quorum, to allow all OGC Voting TC Members to have control over the issue. Note that the TCC does not cast a vote in the specification adoption process as the TCC vote may only be used in the case of a tie. Under the rules of the new OGC IPR policy, all Specification votes will be by electronic vote. As such, the entire TC voting membership will have the opportunity to vote.</p></fn></p>
	<p id="_850eda03-f48e-4c1a-a1f2-18d936f959d1">The policy of the OGC is that proposed standards resulting from a OGC Consensus Standards process evaluation may be recommended to the PC for acceptance conditional on certain changes to the standard, which the TC deems necessary, within a specified time frame.</p>
(XML Line 000970): Hanging paragraph in clause
	<clause id="two-track-standards-process-characteristics" obligation="normative"><title>The Two Track Standards Process: Characteristics</title><p id="_dda212b1-6f67-469b-8c3f-2259f5412561">There are two possible tracks for proposing and approving candidate standards or proposing and approving revisions to an existing adopted standard: The OGC Community standard and the OGC Full standardss track. These two tracks are described below. Regardless of the submission track, the OGC Consensus Standards Process shall be used. There are key differences in the OGC Consensus Standards process depending on whether the Community or the Full standards track is being used. The following table summarizes the key aspects and steps in the OGC Consensus Standards process for the two tracks.</p>
	<table id="_3e7e8df0-f470-4c92-b8c9-42964a3ef452">
	<thead>
	<tr>
	<th valign="top" align="left"/>
(XML Line 000971): Table should have title
	<table id="_3e7e8df0-f470-4c92-b8c9-42964a3ef452">
	<thead>
	<tr>
	<th valign="top" align="left"/>
	<th valign="top" align="left">SWG</th>
(XML Line 001055): Hanging paragraph in clause
	<clause id="policies-for-the-ogc-consensus-standards-process" obligation="normative"><title>Policies for the OGC Consensus Standards Process</title><p id="_24e7da77-89d9-4348-9913-1d6447446de7">The following sections details the requirements, policies, and procedures for adoption of a candidate standard using the OGC Consensus Standards process. Each section specifies whether that step or requirement in the process is for All submissions, Community standard only, or Full standards track only. Please also refer to <xref target="annexB"/> of this document for a synopsis of the steps in the OGC Consensus Standards process for the Full standards track.</p>
	<clause id="_conditions_for_submission_of_a_candidate_standard" obligation="normative"><title>Conditions for Submission of a Candidate Standard</title><p id="_b6551cc6-be33-4f2e-84be-f8639eaaf8af">Any OGC Technical Committee Voting Member may make an unsolicited submission of a candidate standard or a proposal for the development of a new candidate standard using the OGC Consensus Standards process given that for the submission, the following conditions are met.</p>
	<ul id="_304f4959-b78d-4e73-a9db-ce0cc6b88f23">
	<li>
	<p id="_d9dfd077-2f79-40c2-aadf-32c6e78bdde5">Three different Member organizations endorse the submission; evidence of the endorsement via a letter or email to the submitter must be provided to the TC Chair.</p>
(XML Line 001105): Hanging paragraph in clause
	<clause id="_specific_process_requirements_for_the_submission_of_a_community_standard_cs" obligation="normative"><title>Specific process requirements for the submission of a Community standard (CS)</title><clause id="_notify_tc_chair" obligation="normative"><title>Notify TC Chair</title><p id="_f75f856a-24c9-424f-9f44-41b24440eefd">The submission team shall notify the Technical Committee Chair of the intent to submit a Community standard. This notification may be done using email. The notification shall include the organization names of the submission team. The notification shall also include agreement to the following statement:</p>
	<p id="_8e82b6c1-9236-4bef-9622-e4521ad58cdf">The companies &lt;list of companies/organizations&gt; have granted the Open Geospatial Consortium (OGC) a nonexclusive, royalty free, paid up, worldwide license to copy and distribute this document and to modify this document and distribute copies of the modified version.</p></clause>
	<clause id="submission-justification-document-process" obligation="normative"><title>Submission justification document process</title><p id="_d3b8eaff-5e05-4384-a8bc-d0a882ee569b">The submission team shall provide a written justification as to why the Community standard process can be used. This justification shall also include the reasons why the candidate standard may not need to be aligned with the OGC Abstract Specification and Standards Baseline. There is a template for this justification (OGC 16-113, Community Standard Justification Template).</p>
	<p id="_0b64f956-fd10-4a7f-8a09-c0acd47aa346">Once the submission team completes a draft of the justification document, they shall provide the TCC the draft. The TCC shall review the draft and provide comments and guidance back to the submission team. The Submission Team reviews the TCC comments and modifies the justification as required. When the Submission Team agrees that the justification document is complete, the convener shall post the justification document to pending documents. The document shall be posted as a Public document.</p></clause>
	<clause id="_submission_justification_document_member_review_process" obligation="normative"><title>Submission justification document: Member review process</title><p id="_fc4cff36-67ad-4487-94e4-c6eaf6eed146">Once the justification document is posted to pending, the TCC shall:</p>
(XML Line 001129): Hanging paragraph in clause
	<clause id="_required_components_of_the_ogc_consensus_standards_process_submission_package" obligation="normative"><title>Required components of the OGC Consensus Standards process Submission Package</title><p id="_912df393-5144-48cc-b887-54f440db0524">In addition to the candidate standard document, all OGC Consensus Standards process submissions must include a signed Cover Letter and if required a signed OGC Technology Submission form for each submission.</p>
	<clause id="_submission_cover_letter_all" obligation="normative">
	<title>Submission Cover Letter (All)</title>
	<p id="_f34efa54-8a44-4123-8d0a-93346c92f457">The lead organization on each OGC Consensus Standards process submission shall provide a Cover Letter stating the intent of the organization to support the SWG and related OGC Consensus Standards process. The cover letter may be in the form of an email correspondence.</p>
	</clause>
(XML Line 001141): Hanging paragraph in clause
	<clause id="_main_steps_in_the_ogc_consensus_standards_process" obligation="normative"><title>Main Steps in the OGC Consensus Standards Process</title><p id="_c73d39b1-4497-4e7a-98be-9a0998745227">The steps in the OGC Consensus Standards Process are as follows.</p>
	<clause id="_submission_of_the_ogc_consensus_standards_process_package_to_the_ogc_all" obligation="normative"><title>Submission of the OGC Consensus Standards process package to the OGC (All)</title><p id="_6948a42f-8a4e-4131-84ea-fad8f284901c">The OGC Consensus Standards process Submission team shall provide the submission package to the OGC TCC. The TCC shall review the proposal in terms of required documents.</p>
	<p id="_21f513a0-5baf-42ee-87ea-7daecc225012">For a Community standard, the submission package shall include:</p>
	<ul id="_0f9b9a38-aaf9-4795-9c06-2d6466d515fa">
	<li>
(XML Line 001256): Hanging paragraph in clause
	<clause id="_specific_policies_regarding_abstract_specification_topics" obligation="normative"><title>Specific Policies Regarding Abstract Specification Topics</title><p id="_c898c273-00b0-427f-8743-d172ff451b89">The OGC Abstract Specification Development, Revision, and Approval process is the same as for any OGC standard except for documents that originated in an Authoritative Standards Development Organization (Authoritative SDO) or are joint standards activities between OGC and the Authoritative SDO. The remainder of this subsection provides details on the approval of such documents as OGC Abstract specifications.</p>
	<clause id="_authoritative_standards_development_organization" obligation="normative"><title>Authoritative Standards Development Organization</title><p id="_7181c099-b10c-403a-8497-e3e0f761bd27">An Authoritative SDO is an organization which operates on a consensus basis to develop standards and which has been designated to be an Authoritative SDO by the PC. An Authoritative SDO develops key foundational standards which provide a basis for conceptual and implementation standards created by the OGC. These foundational standards may be approved to be part of the OGC Abstract Specification. A list of Authoritative SDOs shall be maintained by the Standards Program. ISO is already considered to be an Authoritative SDO.</p>
	<p id="_313caf2c-56e9-4e4e-a5ed-3aef6ffb9afa">The Authoritative SDO shall be notified if one of its Standards is proposed by the OGC to be a Topic of the Abstract Specification. The Authoritative SDO shall have the opportunity to reject the OGC proposal, in which case the Authoritative SDO Standard may still be used as a normative reference by other OGC standards, but will not be a part of the OGC Abstract Specification. There is no requirement that the Authoritative SDO provide its Standard to the OGC by any basis other than the normal distribution mechanism for the Authoritative SDO, although provision of the standard for no fee is preferred.</p></clause>
	<clause id="_scope_and_content" obligation="normative"><title>Scope and Content</title><p id="_15495fcf-a1a9-4bf9-85cb-77229d2364ad">The scope of the Abstract Specification (AS) will include any items that the OGC Technical Committee deems appropriate for achieving interoperability in the geodata and geoprocessing market. The AS may include data models, processing models, or other items necessary to implement the mission of the Technical Committee as defined by the OGC Planning Committee from time to time.</p>
	<p id="_7dd43a8d-8c81-42d7-9d52-5c18fb9f0d84">The detail of the Abstract Specification shall be sufficient to provide normative references, including models, and technical guidelines as a foundation for standards. Each standard, to the extent possible, will provide unambiguous normative and informative information that allows for implementation of standards in industry-standard software.</p>
(XML Line 001271): Hanging paragraph in clause
	<clause id="_authoritative_sdo_documents_as_ogc_abstract_specifications_please_refer_to_the_iso_ogc_terms_of_reference_for_details_of_the_working_relationship_between_the_ogc_and_iso_tc_211_geomatics" obligation="normative"><title>Authoritative SDO Documents as OGC Abstract Specifications<fn reference="28"><p id="_cfccde3a-95d2-44cd-8e41-7e1b7bcefac2">Please refer to the ISO-OGC Terms of Reference for details of the working relationship between the OGC and ISO TC 211 — Geomatics. <link target="https://portal.opengeospatial.org/files/?artifact_id=69074"/>.</p></fn></title><p id="_6a24d82d-b2fe-4bc8-9687-ccee094b3045">A new AS Topic Volume or a revision to an existing AS Topic volume may be proposed by the OGC members for the case in which the document was created in an Authoritative SDO activity or a joint OGC and Authoritative SDO-developed activity. There are the two cases: A document entirely developed in the Authoritative SDO and then recommended by OGC members to be an Abstract Specification and a document jointly developed by the OGC and Authoritative SDO memberships. Each case is now described.</p>
	<clause id="_authoritative_sdo_standard_as_an_ogc_abstract_specification_topic_volume" obligation="normative"><title>Authoritative SDO Standard as an OGC Abstract Specification Topic Volume</title><p id="_d647c79c-584b-4788-a025-7f2c2af9228d">For this case, the Authoritative SDO Standard in question must be at a published or FDIS (Final Draft International Standard, in the case of ISO) status.</p>
	<ul id="_1810f40e-89b7-4dfa-a0b1-70dba7fb2afb">
	<li>
	<p id="_95cf1e03-359b-4cd8-a229-522810c8532b">The Authoritative SDO Standard is presented and discussed in an OGC Working Group.</p>
(XML Line 001332): Hanging paragraph in clause
	<clause id="change-request-proposals-crp-to-an-ogc-document" obligation="normative"><title>Change Request Proposals (CRP) to an OGC document</title><p id="_500654ac-b4af-4903-9deb-48d1f1033f6a">At any time, any OGC member or non-member can submit a CRP. A CRP allows for the formal documentation of a proposed change to an existing, adopted OGC standard or abstract specification. The change could be an identified error (see <xref target="corrigendum-errata-changes-to-ogc-standards-full-standard"/>), an inconsistency, a requested enhancement, or a major proposed enhancement. Completed CRP’s shall be submitted on-line using the CR submission application on the OGC web site. Submitted CRP’s are catalogued and stored on a publicly accessible site.</p>
	<p id="_6623db6f-4df9-48b0-b9cd-106d1ac2d7b7">The CR App URL is: <link target="http://ogc.standardstracker.org/"/></p>
	<p id="_56aa5030-21a9-44e2-ad82-e079cf745c5c">CRP’s are used as the basis for new SWG work items. The SWG will only consider proposed changes and enhancements to an adopted implementation that have been documented using the CRP template.</p>
	<p id="_43ab0f3b-7ed2-4ec1-9694-2248cf6ed4fd">If a SWG does not exist for a given standard and there are CRP proposals for that standard, the TCC shall constitute a new SWG under the P&amp;P outlined in the <xref target="policies-specific-to-a-domain-working-Group"/>.</p>
	<clause id="_submission_of_change_request_proposals" obligation="normative">
(XML Line 001363): Hanging paragraph in clause
	<clause id="_the_standard_revision_process_full_standard" obligation="normative"><title>The Standard Revision Process (Full standard)</title><p id="_6e5bda82-2c44-40ef-a689-cf5dda9cbc88">A primary function of a Standards Working Group (SWG) is to edit a candidate standard based on either a) comments received as part of the OGC Consensus Standards process or b) the contents of one or more official OGC Change Request Proposal(s). If any member feels that a standard needs to be changed, edited, or enhanced, they must submit a Change Request Proposal.</p>
	<p id="_bcdbb70f-9ef5-4a84-81ca-3c04bd4cab19">All voting in a SWG, whether for processing a candidate standard or for revisions to an existing standard will follow the rules as defined for <xref target="swg-voting"/>.</p>
	<clause id="_the_revision_process" obligation="normative"><title>The Revision Process</title><p id="_a835f7b4-c409-4171-8452-c6d0ffdd57a8">The SWG reviews requests for revisions and corrections to a standard. Requests for revisions must be in the form of comments received during any public review period, such as for the OGC Consensus Standards process, or in the form of official CRPs. Ad-hoc emails and verbal requests at meetings will not be considered as official CRPs. However, the SWG may vote to discuss issues that have not been submitted as CRPs, and may vote to direct one or more of its members to create official CRPs to document an agreement reached as the result of those discussions.</p>
	<p id="_819d63d8-a42c-44ac-b544-1252fc8c02ef">A major or minor version revision of a standard follows the process of the Full standards track with the initial revision approved as a Draft standard. A Corrigendum to a standard does not require new evidence of implementation and the Corrigendum is approved at the final stage of a standard.</p>
	<clause id="_swg_review_of_change_proposals" obligation="normative"><title>SWG Review of Change Proposals</title><p id="_b7aa37c5-f4a0-468e-9012-f08483ec92d2">As part of a revision process, the SWG processes CRPs. Please refer to <xref target="change-request-proposals-crp-to-an-ogc-document"/> for additional policies and procedures related to change request proposals. Once a list of change proposals has been compiled and the SWG has discussed the proposed changes, the SWG voting members shall vote on the disposition of each of the proposed changes. The SWG has the right to reject a recommended revision, comment, or correction but must provide a written justification for the rejection.</p>
(XML Line 001365): Hanging paragraph in clause
	<clause id="_the_revision_process" obligation="normative"><title>The Revision Process</title><p id="_a835f7b4-c409-4171-8452-c6d0ffdd57a8">The SWG reviews requests for revisions and corrections to a standard. Requests for revisions must be in the form of comments received during any public review period, such as for the OGC Consensus Standards process, or in the form of official CRPs. Ad-hoc emails and verbal requests at meetings will not be considered as official CRPs. However, the SWG may vote to discuss issues that have not been submitted as CRPs, and may vote to direct one or more of its members to create official CRPs to document an agreement reached as the result of those discussions.</p>
	<p id="_819d63d8-a42c-44ac-b544-1252fc8c02ef">A major or minor version revision of a standard follows the process of the Full standards track with the initial revision approved as a Draft standard. A Corrigendum to a standard does not require new evidence of implementation and the Corrigendum is approved at the final stage of a standard.</p>
	<clause id="_swg_review_of_change_proposals" obligation="normative"><title>SWG Review of Change Proposals</title><p id="_b7aa37c5-f4a0-468e-9012-f08483ec92d2">As part of a revision process, the SWG processes CRPs. Please refer to <xref target="change-request-proposals-crp-to-an-ogc-document"/> for additional policies and procedures related to change request proposals. Once a list of change proposals has been compiled and the SWG has discussed the proposed changes, the SWG voting members shall vote on the disposition of each of the proposed changes. The SWG has the right to reject a recommended revision, comment, or correction but must provide a written justification for the rejection.</p>
	<p id="_cc79ec60-3a18-444b-ba86-e131be8b1fff">Based on the outcome of the votes, SWG members then make the revisions and corrections to the target standard. Comments or CRPs received after the formation of a new SWG may or may not be considered for incorporation. This is at the discretion of the members of the SWG.</p></clause>
	<clause id="_internal_review_and_public_comment" obligation="normative"><title>Internal Review and Public Comment</title><p id="_eb69a905-2204-4a1d-81ab-60f5f15c2042">When the SWG work items are complete and with the approval of the voting members of the SWG, the new revised standard may be submitted to the OAB and OGC-NA for a review and subsequent release for the 30-day public comment period.</p>
(XML Line 001430): Hanging paragraph in clause
	<clause id="proprietary-rights-copyrights-and-disclosure" obligation="normative"><title>Proprietary Rights, Copyrights, and Disclosure</title><clause id="_proprietary_rights_please_read_the_ogc_ipr_policy_documents_located_at_www_opengeospatial_orglegal_for_the_complete_text_and_description_of_the_ogc_ipr_policy_if_at_any_time_there_is_confusion_or_conflict_between_what_is_stated_in_the_tc_pp_and_the_ogc_ipr_policy_the_ogc_ipr_policy_takes_precedent" obligation="normative"><title>Proprietary Rights<fn reference="30"><p id="_f2bab008-532c-4c5a-b7e6-8a941cc17a9e">Please read the OGC IPR Policy documents located at www.opengeospatial.org/legal for the complete text and description of the OGC IPR policy. If at any time there is confusion or conflict between what is stated in the TC P&amp;P and the OGC IPR Policy, the OGC IPR Policy takes precedent.</p></fn></title><p id="_8ad89c27-d04c-4a2b-a00a-88b0a33724a9">During any meeting of the OGC Technical Committee or any subgroup of the TC, no participant shall disclose proprietary information.<fn reference="31"><p id="_371cd940-9e8f-4295-9187-b830a4c1a570">This section clearly places the onus of protection of proprietary rights on the owner of those rights. No discussion of proprietary technology can take place during a TC or TC subgroup meeting, protecting the participants in the meeting from accidental exposure to proprietary information (and consequent future legal problems with that participant’s own intellectual property rights). If a TC member wishes to present information of a proprietary nature to members of the TC, he or she may arrange a meeting of the interested parties totally separate from the TC process and meeting.</p></fn></p>
	<p id="_76c970c1-b59e-4d3c-af2d-293c28371bc1">In addition, no information of a secret or proprietary nature shall be made available to the OGC as official documents, and no such documents (or documents marked as such) shall be made OGC official documents or forwarded to the membership.</p>
	<p id="_6d37c980-7f7c-40d2-b5a0-eaab9bac3a22">All proprietary information that may nonetheless be disclosed by any participant during any meeting of the TC or any subgroup of the TC shall be deemed to have been disclosed on a non-confidential basis, without any restrictions on use by anyone (except that no valid copyright or patent right shall be deemed to have been waived by such disclosure).</p></clause>
	<clause id="_copyrights" obligation="normative">
	<title>Copyrights</title>
(XML Line 001446): Hanging paragraph in clause
	<clause id="tc-planning-committee-Representatives" obligation="normative"><title>TC Planning Committee Representatives</title><clause id="_role_and_responsibilities" obligation="normative"><title>Role and Responsibilities</title><p id="_352c5a8c-5733-42df-9fed-21473b88c7e5">As stated in the Bylaws of the OGC, the OGC TC has the right to seat two representatives on the OGC PC. Up to seven representatives may be available in a “pool” and the TCC will work with the representatives to choose the two to attend a specific PC meeting. This section details the role and responsibilities of these individuals and the process for their election.</p>
	<p id="_8166f4ad-91de-44ea-8782-1f6bafef3d4e">The role of a TC Representative to the PC is to bring issues of concern to the general TC membership to the attention of the PC and to keep the TC apprised of the activity of the PC. Responsibilities of the representatives include the following:</p>
	<ul id="_81d356c1-44c7-4e03-861f-b068ef6cb3fe">
	<li>
	<p id="_413e99a6-77fc-4730-ac3e-90af852de426">Accept documented issues from TC members and bring these forward at PC meetings;</p>
(XML Line 001533): Table should have title
	<table id="_624fcb43-f84c-4f61-9899-c282a0773438">
	<thead>
	<tr>
	<th valign="top" align="left">Full standard: Process Checklist</th>
	<th valign="top" align="left">Responsible</th>
(XML Line 001760): Hanging paragraph in clause
	<annex id="annexC" obligation="informative"><title>Community Standard</title><clause id="_qualification_checklist_community_standards" obligation="informative"><title>Qualification Checklist — Community Standards</title><p id="_fcf311b6-b0c4-4be6-90d4-faa438f75e4d">The following is a list of questions that the submission team needs to answer in the affirmative prior to submitting community specification into the OGC.</p>
	<ol id="_30dee21b-52ec-4cbf-a000-d094776a18f2" type="arabic">
	<li>
	<p id="_cdc8b740-264e-497a-b98b-39cd985db2c1">Does the submission team understand that copyright and intellectual property (PR) shall be vested or shared with the OGC? Note: If the plan is to move the document to Provisional or Full standard status, all IP shall be vested to the OGC.</p>
	</li>
(XML Line 001778): Table should have title
	<table id="_e5f182ea-8e6e-4e79-bac7-7d55fabdc117">
	<thead>
	<tr>
	<th valign="top" align="left">Community Specification: Process Checklist</th>
	<th valign="top" align="left">Responsible</th>


== Metanorma XML Syntax

(XML Line 000082:34): multiple definitions of "DocumentSubtype" without "combine" attribute
