/__w/mn-samples-ogc/mn-samples-ogc/site/documents/18-016r1/document.err errors


== Style

(): Preface is missing!


== Metanorma XML Style Warning

(XML Line 000072): Table should have title
	<table id="_c217652c-9674-4f3a-9658-1e721c69cd76" unnumbered="true">
	<thead>
	<tr>
	<th valign="top" align="left">Name</th>
	<th valign="top" align="left">Affiliation</th>
(XML Line 000091): Hanging paragraph in clause
	<clause id="_revisions_to_volume_1_cdb_core_model_and_physical_data_store" obligation="normative"><title>Revisions to Volume 1: CDB Core Model and Physical Data Store</title><clause id="_introductory_clause_future_work" obligation="normative">
	<title>Introductory Clause “Future Work”</title>
	<p id="_3f5f6c56-40f0-4632-a288-92d401a6cb55">Updated to reflect work done in CDB version 1.1 as well as new requirements identified in OGC Testbed 13.</p>
	</clause>
	<clause id="_1_0_1_corrigendum_changes_included" obligation="normative">
(XML Line 000227): Hanging paragraph in clause
	<clause id="_revisions_to_volume_2_ogc_cdb_core_model_and_physical_structure_informative_annexes" obligation="normative"><title>Revisions to Volume 2: OGC CDB Core: Model and Physical Structure: Informative Annexes</title><clause id="_annex_q_table_of_dataset_codes" obligation="normative">
	<title>Annex Q: Table of Dataset Codes</title>
	<p id="_5d27edac-346e-43c7-a7a3-e96cd92f9e70">Updated to reflect the relationship between the community CDB 3.2 version and the OGC standard.</p>
	</clause>
	<clause id="_annex_r_derived_datasets_within_the_cdb" obligation="normative">
(XML Line 000239): Hanging paragraph in clause
	<clause id="_revisions_to_volume_4_cdb_use_of_shapefiles_for_vector_data_storage" obligation="normative"><title>Revisions to Volume 4: CDB Use of Shapefiles for Vector Data Storage</title><clause id="_general" obligation="normative">
	<title>General</title>
	<p id="_3612c700-f0b8-4e00-9a33-864d8add8f75">All version 1.0 references as used in identifier URIs updated to 1.1. The version also has a few typos corrected.</p>
	</clause>
	<clause id="_clause_1_scope" obligation="normative">
(XML Line 000255): Hanging paragraph in clause
	<clause id="_revisions_to_volume_5_radar_cross_sections" obligation="normative"><title>Revisions to Volume 5: Radar Cross-Sections</title><clause id="_general_2" obligation="normative">
	<title>General</title>
	<p id="_058b553f-c364-48a2-8280-54d5aa5f7b5c">All version 1.0 references as used in identifier URIs updated to 1.1. The version also has a few typos corrected.</p>
	</clause>
	<clause id="_clause_4_terms_and_definitions_2" obligation="normative">
(XML Line 000263): Hanging paragraph in clause
	<clause id="_revisions_to_volume_6_ogc_cdb_rules_for_encoding_data_using_openflight_bp" obligation="normative"><title>Revisions to Volume 6 OGC CDB Rules for Encoding Data using OpenFlight BP</title><clause id="_general_3" obligation="normative">
	<title>General</title>
	<p id="_1bef36bd-fade-4df7-a0ce-aed07a463622">All version 1.0 references as used in identifier URIs updated to 1.1. The version also has a few typos corrected.</p>
	</clause>
	<clause id="_clause_5_1_identifiers" obligation="normative">
(XML Line 000275): Hanging paragraph in clause
	<clause id="_revisions_to_volume_7_ogc_cdb_data_model_guidance" obligation="normative"><title>Revisions to Volume 7 OGC CDB Data Model Guidance</title><p id="_fb9f0304-a461-416f-ac06-6705ddab4609">Note: Volume 7 was Annex A in the original CDB Specification v 3.2 submission to the OGC.</p>
	<p id="_369b5b41-1129-430d-bb2c-82c665eb2e7c">Minor changes at various places to make sure the reader knows the difference between CDB 3.2 specification and OGC Version 1.1 standard.</p>
	<clause id="_6_5_3_access_of_a_model_interior" obligation="normative">
	<title>6.5.3 Access of a Model Interior</title>
	<p id="_19d1ae57-5512-48d6-ab5e-e31b1cbf86a6">This section has minor changes to make wording on the use of OpenFlightgeneric and in line with the changes in CDB Volume 1.</p>
(XML Line 000289): Hanging paragraph in clause
	<clause id="_revisions_to_volume_8_cdb_spatial_and_coordinate_reference_systems_guidance" obligation="normative">
	<title>Revisions to Volume 8: CDB Spatial and Coordinate Reference Systems Guidance</title>
	<clause id="_clause_4_terms_and_definitions_3" obligation="normative">
	<title>Clause 4 Terms and Definitions</title>
	<p id="_80ee341e-cbaa-434e-b303-671dca332f0e">The correct URL to the CDB standard was inserted.</p>
(XML Line 000296): Hanging paragraph in clause
	<clause id="_revisions_to_volume_10_cdb_implementation_guidance" obligation="normative"><title>Revisions to Volume 10: CDB Implementation Guidance</title><clause id="_general_4" obligation="normative">
	<title>General</title>
	<p id="_782ba056-ffeb-4e4c-8972-dbd3b9fbf5a3">Comments (artifacts) for version 1.0 were removed.</p>
	</clause>
	<clause id="_clause_4_terms_and_definitions_4" obligation="normative">
(XML Line 000308): Hanging paragraph in clause
	<clause id="_revisions_to_volume_12_cdb_navaids_attribution_and_navaids_attribution_enumeration_values" obligation="normative">
	<title>Revisions to Volume 12: CDB Navaids Attribution and Navaids Attribution Enumeration Values</title>
	<clause id="_abstract_2" obligation="normative">
	<title>Abstract:</title>
	<p id="_99aba3da-ba75-45ce-8dd1-d807456f65a4">Slight re-wording of the abstract</p>


== Metanorma XML Syntax

(XML Line 000082:34): multiple definitions of "DocumentSubtype" without "combine" attribute
